[debug] [2020-09-01T19:14:57.128Z] ----------------------------------------------------------------------
[debug] [2020-09-01T19:14:57.130Z] Command:       /usr/local/bin/firebase /home/cameron/.cache/firebase/tools/lib/node_modules/firebase-tools/lib/bin/firebase emulators:start --import=./test-db-seed
[debug] [2020-09-01T19:14:57.130Z] CLI Version:   8.9.2
[debug] [2020-09-01T19:14:57.130Z] Platform:      linux
[debug] [2020-09-01T19:14:57.130Z] Node Version:  v12.18.1
[debug] [2020-09-01T19:14:57.158Z] Time:          Tue Sep 01 2020 12:14:57 GMT-0700 (Pacific Daylight Time)
[debug] [2020-09-01T19:14:57.158Z] ----------------------------------------------------------------------
[debug] [2020-09-01T19:14:57.158Z] 
[debug] [2020-09-01T19:14:57.169Z] > command requires scopes: ["email","openid","https://www.googleapis.com/auth/cloudplatformprojects.readonly","https://www.googleapis.com/auth/firebase","https://www.googleapis.com/auth/cloud-platform"]
[debug] [2020-09-01T19:14:57.170Z] > authorizing via signed-in user
[info] i  emulators: Starting emulators: functions, database, hosting {"metadata":{"emulator":{"name":"hub"},"message":"Starting emulators: functions, database, hosting"}}
[debug] [2020-09-01T19:14:57.185Z] [hub] writing locator at /tmp/hub-keystrokes-eb786.json
[warn] ⚠  functions: The following emulators are not running, calls to these services from the Functions emulator will affect production: firestore, pubsub {"metadata":{"emulator":{"name":"functions"},"message":"The following emulators are not running, calls to these services from the Functions emulator will affect production: \u001b[1mfirestore, pubsub\u001b[22m"}}
[warn] ⚠  Your requested "node" version "10" doesn't match your global version "12" {"metadata":{"emulator":{"name":"functions"},"message":"Your requested \"node\" version \"10\" doesn't match your global version \"12\""}}
[debug] [2020-09-01T19:14:57.215Z] defaultcredentials: writing to file /home/cameron/.config/firebase/celwood93_gmail_com_application_default_credentials.json
[debug] [2020-09-01T19:14:57.219Z] Setting GAC to /home/cameron/.config/firebase/celwood93_gmail_com_application_default_credentials.json {"metadata":{"emulator":{"name":"functions"},"message":"Setting GAC to /home/cameron/.config/firebase/celwood93_gmail_com_application_default_credentials.json"}}
[debug] [2020-09-01T19:14:57.271Z] database rules config:  [{"instance":"keystrokes-eb786","rules":"/home/cameron/Desktop/Projects/KeybindTrainer/keystrokes/database.rules.json"}]
[debug] [2020-09-01T19:14:57.275Z] Ignoring unsupported arg: projectId {"metadata":{"emulator":{"name":"database"},"message":"Ignoring unsupported arg: projectId"}}
[debug] [2020-09-01T19:14:57.275Z] Ignoring unsupported arg: auto_download {"metadata":{"emulator":{"name":"database"},"message":"Ignoring unsupported arg: auto_download"}}
[debug] [2020-09-01T19:14:57.275Z] Ignoring unsupported arg: rules {"metadata":{"emulator":{"name":"database"},"message":"Ignoring unsupported arg: rules"}}
[debug] [2020-09-01T19:14:57.275Z] Starting Database Emulator with command {"binary":"java","args":["-Duser.language=en","-jar","/home/cameron/.cache/firebase/emulators/firebase-database-emulator-v4.5.0.jar","--host","0.0.0.0","--port",9000,"--functions_emulator_host","localhost","--functions_emulator_port",5001],"optionalArgs":["port","host","functions_emulator_port","functions_emulator_host"],"joinArgs":false} {"metadata":{"emulator":{"name":"database"},"message":"Starting Database Emulator with command {\"binary\":\"java\",\"args\":[\"-Duser.language=en\",\"-jar\",\"/home/cameron/.cache/firebase/emulators/firebase-database-emulator-v4.5.0.jar\",\"--host\",\"0.0.0.0\",\"--port\",9000,\"--functions_emulator_host\",\"localhost\",\"--functions_emulator_port\",5001],\"optionalArgs\":[\"port\",\"host\",\"functions_emulator_port\",\"functions_emulator_host\"],\"joinArgs\":false}"}}
[info] i  database: Database Emulator logging to database-debug.log {"metadata":{"emulator":{"name":"database"},"message":"Database Emulator logging to \u001b[1mdatabase-debug.log\u001b[22m"}}
[debug] [2020-09-01T19:14:58.664Z] WARNING: An illegal reflective access operation has occurred
WARNING: Illegal reflective access by io.netty.util.internal.ReflectionUtil (file:/home/cameron/.cache/firebase/emulators/firebase-database-emulator-v4.5.0.jar) to field sun.nio.ch.SelectorImpl.selectedKeys
WARNING: Please consider reporting this to the maintainers of io.netty.util.internal.ReflectionUtil
WARNING: Use --illegal-access=warn to enable warnings of further illegal reflective access operations
WARNING: All illegal access operations will be denied in a future release
 {"metadata":{"emulator":{"name":"database"},"message":"WARNING: An illegal reflective access operation has occurred\nWARNING: Illegal reflective access by io.netty.util.internal.ReflectionUtil (file:/home/cameron/.cache/firebase/emulators/firebase-database-emulator-v4.5.0.jar) to field sun.nio.ch.SelectorImpl.selectedKeys\nWARNING: Please consider reporting this to the maintainers of io.netty.util.internal.ReflectionUtil\nWARNING: Use --illegal-access=warn to enable warnings of further illegal reflective access operations\nWARNING: All illegal access operations will be denied in a future release\n"}}
[debug] [2020-09-01T19:14:59.984Z] 12:14:59.982 [NamespaceSystem-akka.actor.default-dispatcher-5] INFO akka.event.slf4j.Slf4jLogger - Slf4jLogger started
 {"metadata":{"emulator":{"name":"database"},"message":"12:14:59.982 [NamespaceSystem-akka.actor.default-dispatcher-5] INFO akka.event.slf4j.Slf4jLogger - Slf4jLogger started\n"}}
[debug] [2020-09-01T19:15:00.343Z] 12:15:00.342 [main] INFO com.firebase.server.forge.App$ - Listening at 0.0.0.0:9000
 {"metadata":{"emulator":{"name":"database"},"message":"12:15:00.342 [main] INFO com.firebase.server.forge.App$ - Listening at 0.0.0.0:9000\n"}}
[info] i  database: Importing data from /home/cameron/Desktop/Projects/KeybindTrainer/keystrokes/test-db-seed/database_export/keystrokes-eb786.json {"metadata":{"emulator":{"name":"database"},"message":"Importing data from /home/cameron/Desktop/Projects/KeybindTrainer/keystrokes/test-db-seed/database_export/keystrokes-eb786.json"}}
[debug] [2020-09-01T19:15:01.456Z] > refreshing access token with scopes: ["email","https://www.googleapis.com/auth/cloud-platform","https://www.googleapis.com/auth/cloudplatformprojects.readonly","https://www.googleapis.com/auth/firebase","openid"]
[debug] [2020-09-01T19:15:01.457Z] >>> HTTP REQUEST POST https://www.googleapis.com/oauth2/v3/token  
 <request body omitted>
[debug] [2020-09-01T19:15:01.708Z] <<< HTTP RESPONSE 400 {"content-type":"application/json; charset=utf-8","vary":"X-Origin, Referer, Origin,Accept-Encoding","date":"Tue, 01 Sep 2020 19:15:01 GMT","server":"scaffolding on HTTPServer2","cache-control":"private","x-xss-protection":"0","x-frame-options":"SAMEORIGIN","x-content-type-options":"nosniff","alt-svc":"h3-29=\":443\"; ma=2592000,h3-27=\":443\"; ma=2592000,h3-T051=\":443\"; ma=2592000,h3-T050=\":443\"; ma=2592000,h3-Q050=\":443\"; ma=2592000,h3-Q046=\":443\"; ma=2592000,h3-Q043=\":443\"; ma=2592000,quic=\":443\"; ma=2592000; v=\"46,43\"","accept-ranges":"none","transfer-encoding":"chunked"}
[debug] [2020-09-01T19:15:01.708Z] >>> HTTP REQUEST GET https://firebase.googleapis.com/v1beta1/projects/keystrokes-eb786/webApps/-/config  
 
[debug] [2020-09-01T19:15:01.957Z] <<< HTTP RESPONSE 401 {"www-authenticate":"Bearer realm=\"https://accounts.google.com/\", error=\"invalid_token\"","vary":"X-Origin, Referer, Origin,Accept-Encoding","content-type":"application/json; charset=UTF-8","date":"Tue, 01 Sep 2020 19:15:01 GMT","server":"ESF","cache-control":"private","x-xss-protection":"0","x-frame-options":"SAMEORIGIN","x-content-type-options":"nosniff","alt-svc":"h3-29=\":443\"; ma=2592000,h3-27=\":443\"; ma=2592000,h3-T051=\":443\"; ma=2592000,h3-T050=\":443\"; ma=2592000,h3-Q050=\":443\"; ma=2592000,h3-Q046=\":443\"; ma=2592000,h3-Q043=\":443\"; ma=2592000,quic=\":443\"; ma=2592000; v=\"46,43\"","accept-ranges":"none","transfer-encoding":"chunked"}
[debug] [2020-09-01T19:15:01.958Z] <<< HTTP RESPONSE BODY {"error":{"code":401,"message":"Request had invalid authentication credentials. Expected OAuth 2 access token, login cookie or other valid authentication credential. See https://developers.google.com/identity/sign-in/web/devconsole-project.","status":"UNAUTHENTICATED"}}
[debug] [2020-09-01T19:15:01.959Z] fetchWebSetup error: FirebaseError: HTTP Error: 401, Request had invalid authentication credentials. Expected OAuth 2 access token, login cookie or other valid authentication credential. See https://developers.google.com/identity/sign-in/web/devconsole-project.
[warn] ⚠  hosting: Could not fetch web app configuration and there is no cached configuration on this machine. Check your internet connection and make sure you are authenticated. To continue, you must call firebase.initializeApp({...}) in your code before using Firebase. 
[info] i  hosting: Serving hosting files from: public {"metadata":{"emulator":{"name":"hosting"},"message":"Serving hosting files from: \u001b[1mpublic\u001b[22m"}}
[info] ✔  hosting: Local server: http://localhost:5000 {"metadata":{"emulator":{"name":"hosting"},"message":"Local server: \u001b[4m\u001b[1mhttp://localhost:5000\u001b[22m\u001b[24m"}}
[debug] [2020-09-01T19:15:01.979Z] Ignoring unsupported arg: auto_download {"metadata":{"emulator":{"name":"ui"},"message":"Ignoring unsupported arg: auto_download"}}
[debug] [2020-09-01T19:15:01.980Z] Ignoring unsupported arg: port {"metadata":{"emulator":{"name":"ui"},"message":"Ignoring unsupported arg: port"}}
[debug] [2020-09-01T19:15:01.980Z] Starting Emulator UI with command {"binary":"node","args":["/home/cameron/.cache/firebase/emulators/ui-v1.1.1/server.bundle.js"],"optionalArgs":[],"joinArgs":false} {"metadata":{"emulator":{"name":"ui"},"message":"Starting Emulator UI with command {\"binary\":\"node\",\"args\":[\"/home/cameron/.cache/firebase/emulators/ui-v1.1.1/server.bundle.js\"],\"optionalArgs\":[],\"joinArgs\":false}"}}
[info] i  ui: Emulator UI logging to ui-debug.log {"metadata":{"emulator":{"name":"ui"},"message":"Emulator UI logging to \u001b[1mui-debug.log\u001b[22m"}}
[debug] [2020-09-01T19:15:02.218Z] Web / API server started at http://localhost:4000
 {"metadata":{"emulator":{"name":"ui"},"message":"Web / API server started at http://localhost:4000\n"}}
[info] i  functions: Watching "/home/cameron/Desktop/Projects/KeybindTrainer/keystrokes/functions" for Cloud Functions... {"metadata":{"emulator":{"name":"functions"},"message":"Watching \"/home/cameron/Desktop/Projects/KeybindTrainer/keystrokes/functions\" for Cloud Functions..."}}
[debug] [2020-09-01T19:15:02.254Z] [worker-pool] addWorker(~diagnostic~) {"metadata":{"emulator":{"name":"functions"},"message":"[worker-pool] addWorker(~diagnostic~)"}}
[debug] [2020-09-01T19:15:02.254Z] [worker-pool] Adding worker with key ~diagnostic~, total=1 {"metadata":{"emulator":{"name":"functions"},"message":"[worker-pool] Adding worker with key ~diagnostic~, total=1"}}
[debug] [2020-09-01T19:15:02.255Z] [worker-pool] submitWork(triggerId=) {"metadata":{"emulator":{"name":"functions"},"message":"[worker-pool] submitWork(triggerId=)"}}
[debug] [2020-09-01T19:15:02.255Z] [worker-~diagnostic~-2e7a8ff0-225f-4cf5-aed5-ef75ebd33200]: Assigning socketPath: /tmp/fire_emu_12372.sock {"metadata":{"emulator":{"name":"functions"},"message":"[worker-~diagnostic~-2e7a8ff0-225f-4cf5-aed5-ef75ebd33200]: Assigning socketPath: /tmp/fire_emu_12372.sock"}}
[debug] [2020-09-01T19:15:02.255Z] [worker-~diagnostic~-2e7a8ff0-225f-4cf5-aed5-ef75ebd33200]: BUSY {"metadata":{"emulator":{"name":"functions"},"message":"[worker-~diagnostic~-2e7a8ff0-225f-4cf5-aed5-ef75ebd33200]: BUSY"}}
[debug] [2020-09-01T19:15:02.946Z] [runtime-status] [12372] Functions runtime initialized. {"cwd":"/home/cameron/Desktop/Projects/KeybindTrainer/keystrokes/functions","node_version":"12.18.1"} {"metadata":{"emulator":{"name":"functions"},"message":"[runtime-status] [12372] Functions runtime initialized. {\"cwd\":\"/home/cameron/Desktop/Projects/KeybindTrainer/keystrokes/functions\",\"node_version\":\"12.18.1\"}"}}
[debug] [2020-09-01T19:15:02.954Z] [runtime-status] [12372] Disabled runtime features: undefined {"metadata":{"emulator":{"name":"functions"},"message":"[runtime-status] [12372] Disabled runtime features: undefined"}}
[debug] [2020-09-01T19:15:02.963Z] [runtime-status] [12372] Resolved module firebase-admin {"declared":true,"installed":true,"version":"8.13.0","resolution":"/home/cameron/Desktop/Projects/KeybindTrainer/keystrokes/functions/node_modules/firebase-admin/lib/index.js"} {"metadata":{"emulator":{"name":"functions"},"message":"[runtime-status] [12372] Resolved module firebase-admin {\"declared\":true,\"installed\":true,\"version\":\"8.13.0\",\"resolution\":\"/home/cameron/Desktop/Projects/KeybindTrainer/keystrokes/functions/node_modules/firebase-admin/lib/index.js\"}"}}
[debug] [2020-09-01T19:15:02.977Z] [runtime-status] [12372] Resolved module firebase-functions {"declared":true,"installed":true,"version":"3.11.0","resolution":"/home/cameron/Desktop/Projects/KeybindTrainer/keystrokes/functions/node_modules/firebase-functions/lib/index.js"} {"metadata":{"emulator":{"name":"functions"},"message":"[runtime-status] [12372] Resolved module firebase-functions {\"declared\":true,\"installed\":true,\"version\":\"3.11.0\",\"resolution\":\"/home/cameron/Desktop/Projects/KeybindTrainer/keystrokes/functions/node_modules/firebase-functions/lib/index.js\"}"}}
[debug] [2020-09-01T19:15:02.982Z] [runtime-status] [12372] Resolved module firebase-functions {"declared":true,"installed":true,"version":"3.11.0","resolution":"/home/cameron/Desktop/Projects/KeybindTrainer/keystrokes/functions/node_modules/firebase-functions/lib/index.js"} {"metadata":{"emulator":{"name":"functions"},"message":"[runtime-status] [12372] Resolved module firebase-functions {\"declared\":true,\"installed\":true,\"version\":\"3.11.0\",\"resolution\":\"/home/cameron/Desktop/Projects/KeybindTrainer/keystrokes/functions/node_modules/firebase-functions/lib/index.js\"}"}}
[debug] [2020-09-01T19:15:02.989Z] [runtime-status] [12372] Outgoing network have been stubbed. [{"name":"http","status":"mocked"},{"name":"http","status":"mocked"},{"name":"https","status":"mocked"},{"name":"https","status":"mocked"},{"name":"net","status":"mocked"}] {"metadata":{"emulator":{"name":"functions"},"message":"[runtime-status] [12372] Outgoing network have been stubbed. [{\"name\":\"http\",\"status\":\"mocked\"},{\"name\":\"http\",\"status\":\"mocked\"},{\"name\":\"https\",\"status\":\"mocked\"},{\"name\":\"https\",\"status\":\"mocked\"},{\"name\":\"net\",\"status\":\"mocked\"}]"}}
[debug] [2020-09-01T19:15:02.990Z] [runtime-status] [12372] Resolved module firebase-functions {"declared":true,"installed":true,"version":"3.11.0","resolution":"/home/cameron/Desktop/Projects/KeybindTrainer/keystrokes/functions/node_modules/firebase-functions/lib/index.js"} {"metadata":{"emulator":{"name":"functions"},"message":"[runtime-status] [12372] Resolved module firebase-functions {\"declared\":true,\"installed\":true,\"version\":\"3.11.0\",\"resolution\":\"/home/cameron/Desktop/Projects/KeybindTrainer/keystrokes/functions/node_modules/firebase-functions/lib/index.js\"}"}}
[debug] [2020-09-01T19:15:03.225Z] [runtime-status] [12372] Checked functions.config() {"config":{}} {"metadata":{"emulator":{"name":"functions"},"message":"[runtime-status] [12372] Checked functions.config() {\"config\":{}}"}}
[debug] [2020-09-01T19:15:03.225Z] [runtime-status] [12372] firebase-functions has been stubbed. {"functionsResolution":{"declared":true,"installed":true,"version":"3.11.0","resolution":"/home/cameron/Desktop/Projects/KeybindTrainer/keystrokes/functions/node_modules/firebase-functions/lib/index.js"}} {"metadata":{"emulator":{"name":"functions"},"message":"[runtime-status] [12372] firebase-functions has been stubbed. {\"functionsResolution\":{\"declared\":true,\"installed\":true,\"version\":\"3.11.0\",\"resolution\":\"/home/cameron/Desktop/Projects/KeybindTrainer/keystrokes/functions/node_modules/firebase-functions/lib/index.js\"}}"}}
[debug] [2020-09-01T19:15:03.225Z] [runtime-status] [12372] Resolved module firebase-functions {"declared":true,"installed":true,"version":"3.11.0","resolution":"/home/cameron/Desktop/Projects/KeybindTrainer/keystrokes/functions/node_modules/firebase-functions/lib/index.js"} {"metadata":{"emulator":{"name":"functions"},"message":"[runtime-status] [12372] Resolved module firebase-functions {\"declared\":true,\"installed\":true,\"version\":\"3.11.0\",\"resolution\":\"/home/cameron/Desktop/Projects/KeybindTrainer/keystrokes/functions/node_modules/firebase-functions/lib/index.js\"}"}}
[debug] [2020-09-01T19:15:03.226Z] [runtime-status] [12372] Resolved module firebase-admin {"declared":true,"installed":true,"version":"8.13.0","resolution":"/home/cameron/Desktop/Projects/KeybindTrainer/keystrokes/functions/node_modules/firebase-admin/lib/index.js"} {"metadata":{"emulator":{"name":"functions"},"message":"[runtime-status] [12372] Resolved module firebase-admin {\"declared\":true,\"installed\":true,\"version\":\"8.13.0\",\"resolution\":\"/home/cameron/Desktop/Projects/KeybindTrainer/keystrokes/functions/node_modules/firebase-admin/lib/index.js\"}"}}
[debug] [2020-09-01T19:15:03.226Z] [runtime-status] [12372] Resolved module firebase-functions {"declared":true,"installed":true,"version":"3.11.0","resolution":"/home/cameron/Desktop/Projects/KeybindTrainer/keystrokes/functions/node_modules/firebase-functions/lib/index.js"} {"metadata":{"emulator":{"name":"functions"},"message":"[runtime-status] [12372] Resolved module firebase-functions {\"declared\":true,\"installed\":true,\"version\":\"3.11.0\",\"resolution\":\"/home/cameron/Desktop/Projects/KeybindTrainer/keystrokes/functions/node_modules/firebase-functions/lib/index.js\"}"}}
[debug] [2020-09-01T19:15:03.227Z] [runtime-status] [12372] firebase-admin has been stubbed. {"adminResolution":{"declared":true,"installed":true,"version":"8.13.0","resolution":"/home/cameron/Desktop/Projects/KeybindTrainer/keystrokes/functions/node_modules/firebase-admin/lib/index.js"}} {"metadata":{"emulator":{"name":"functions"},"message":"[runtime-status] [12372] firebase-admin has been stubbed. {\"adminResolution\":{\"declared\":true,\"installed\":true,\"version\":\"8.13.0\",\"resolution\":\"/home/cameron/Desktop/Projects/KeybindTrainer/keystrokes/functions/node_modules/firebase-admin/lib/index.js\"}}"}}
[debug] [2020-09-01T19:15:03.239Z] >>> HTTP REQUEST PUT http://0.0.0.0:9000/.settings/rules.json?ns=keystrokes-eb786  
 {
  "rules": {
    ".read": "true",
    ".write": "true"
  }
}

[debug] [2020-09-01T19:15:03.242Z] [worker-~diagnostic~-2e7a8ff0-225f-4cf5-aed5-ef75ebd33200]: IDLE {"metadata":{"emulator":{"name":"functions"},"message":"[worker-~diagnostic~-2e7a8ff0-225f-4cf5-aed5-ef75ebd33200]: IDLE"}}
[debug] [2020-09-01T19:15:03.309Z] <<< HTTP RESPONSE 200 {"content-length":"15","content-type":"application/json; charset=utf-8","access-control-allow-origin":"*","cache-control":"no-cache","x-firebase-project-id":"keystrokes-eb786","x-firebase-project-number":"123456789","x-firebase-uuid":"55fb4c3d-736c-472e-99e4-f53207a21862"}
[info] 
┌───────────────────────────────────────────────────────────────────────┐
│ ✔  All emulators ready! View status and logs at http://localhost:4000 │
└───────────────────────────────────────────────────────────────────────┘

┌───────────┬────────────────┬─────────────────────────────────┐
│ Emulator  │ Host:Port      │ View in Emulator UI             │
├───────────┼────────────────┼─────────────────────────────────┤
│ Functions │ localhost:5001 │ http://localhost:4000/functions │
├───────────┼────────────────┼─────────────────────────────────┤
│ Database  │ 0.0.0.0:9000   │ http://localhost:4000/database  │
├───────────┼────────────────┼─────────────────────────────────┤
│ Hosting   │ localhost:5000 │ n/a                             │
└───────────┴────────────────┴─────────────────────────────────┘
  Other reserved ports: 4400, 4500

Issues? Report them at https://github.com/firebase/firebase-tools/issues and attach the *-debug.log files.
 
